<?xml version="1.0" encoding="UTF-8"?>
<!-- Generated by org.testng.reporters.JUnitXMLReporter -->
<testsuite hostname="EPINHYDW0220" name="RestTests" tests="3" failures="0" timestamp="4 Feb 2018 16:10:45 GMT" time="5.331" errors="0">
  <testcase name="testContentTypeResponseHeader" time="3.606" classname="com.tam.RestTests"/>
  <testcase name="testResponseContent" time="1.279" classname="com.tam.RestTests"/>
  <testcase name="testStatusCodeForUsers" time="0.422" classname="com.tam.RestTests"/>
</testsuite> <!-- RestTests -->
